<?xml version="1.0" encoding="UTF-8"?>
<!-- Generated by org.testng.reporters.JUnitReportReporter -->
<testsuite hostname="Automations-MacBook-Pro.local" name="com.qa.tests.DemoTest" tests="1" failures="0" timestamp="20 Dec 2020 07:38:44 GMT" time="0.008" errors="0">
  <testcase name="sum" time="0.008" classname="com.qa.tests.DemoTest"/>
</testsuite> <!-- com.qa.tests.DemoTest -->
