<?xml version="1.0" encoding="UTF-8"?>
<!-- Generated by org.testng.reporters.JUnitReportReporter -->
<testsuite hostname="Automations-MacBook-Pro.local" name="com.cleartrip.qa.tests.DemoTest" tests="1" failures="0" timestamp="2 Jan 2021 06:14:04 GMT" time="5.445" errors="0">
  <testcase name="SampleTestCase" time="5.445" classname="com.cleartrip.qa.tests.DemoTest"/>
</testsuite> <!-- com.cleartrip.qa.tests.DemoTest -->
